#-----------------------------------------------------------
# Webtalk v2016.1 (64-bit)
# SW Build 1538259 on Fri Apr  8 15:45:27 MDT 2016
# 
# Start of session at: Fri Feb 03 11:41:38 2017
# Process ID: 5412
# Current directory: D:/Projects/z_eth_4/z_eth.sdk/webtalk
# Command line: wbtcv.exe -mode batch -source sdk_webtalk.tcl
# Log file: D:/Projects/z_eth_4/z_eth.sdk/webtalk/webtalk.log
# Journal file: D:/Projects/z_eth_4/z_eth.sdk/webtalk\webtalk.jou
#-----------------------------------------------------------
source sdk_webtalk.tcl
# webtalk_init -webtalk_dir D:\\Projects\\z_eth_4\\z_eth.sdk\\webtalk
# webtalk_register_client -client project
# webtalk_add_data -client project -key date_generated -value "ѕт фев 3 11:41:37 2017" -context "software_version_and_target_device"
# webtalk_add_data -client project -key product_version -value "SDK v2016.1" -context "software_version_and_target_device"
# webtalk_add_data -client project -key build_version -value "2016.1" -context "software_version_and_target_device"
# webtalk_add_data -client project -key os_platform -value "amd64" -context "software_version_and_target_device"
# webtalk_add_data -client project -key registration_id -value "" -context "software_version_and_target_device"
# webtalk_add_data -client project -key tool_flow -value "SDK" -context "software_version_and_target_device"
# webtalk_add_data -client project -key beta -value "false" -context "software_version_and_target_device"
# webtalk_add_data -client project -key route_design -value "NA" -context "software_version_and_target_device"
# webtalk_add_data -client project -key target_family -value "NA" -context "software_version_and_target_device"
# webtalk_add_data -client project -key target_device -value "NA" -context "software_version_and_target_device"
# webtalk_add_data -client project -key target_package -value "NA" -context "software_version_and_target_device"
# webtalk_add_data -client project -key target_speed -value "NA" -context "software_version_and_target_device"
# webtalk_add_data -client project -key random_id -value "6hvk9e0e2qdb9rb9uu3boermkj" -context "software_version_and_target_device"
# webtalk_add_data -client project -key project_id -value "2016.1_2" -context "software_version_and_target_device"
# webtalk_add_data -client project -key project_iteration -value "2" -context "software_version_and_target_device"
# webtalk_add_data -client project -key os_name -value "" -context "user_environment"
# webtalk_add_data -client project -key os_release -value "" -context "user_environment"
# webtalk_add_data -client project -key cpu_name -value "" -context "user_environment"
# webtalk_add_data -client project -key cpu_speed -value "" -context "user_environment"
# webtalk_add_data -client project -key total_processors -value "" -context "user_environment"
# webtalk_add_data -client project -key system_ram -value "" -context "user_environment"
# webtalk_register_client -client sdk
# webtalk_add_data -client sdk -key uid -value "1486108154889" -context "sdk\\\\bsp/1486108154889"
# webtalk_add_data -client sdk -key hwid -value "1485866542830" -context "sdk\\\\bsp/1486108154889"
# webtalk_add_data -client sdk -key os -value "standalone" -context "sdk\\\\bsp/1486108154889"
# webtalk_add_data -client sdk -key apptemplate -value "lwip_echo_server" -context "sdk\\\\bsp/1486108154889"
# webtalk_add_data -client sdk -key uid -value "1486108156602" -context "sdk\\\\application/1486108156602"
# webtalk_add_data -client sdk -key hwid -value "1485866542830" -context "sdk\\\\application/1486108156602"
# webtalk_add_data -client sdk -key bspid -value "1486108154889" -context "sdk\\\\application/1486108156602"
# webtalk_add_data -client sdk -key newbsp -value "true" -context "sdk\\\\application/1486108156602"
# webtalk_add_data -client sdk -key os -value "standalone" -context "sdk\\\\application/1486108156602"
# webtalk_add_data -client sdk -key apptemplate -value "lwip_echo_server" -context "sdk\\\\application/1486108156602"
# webtalk_transmit -clientid 3324633091 -regid "" -xml D:\\Projects\\z_eth_4\\z_eth.sdk\\webtalk\\usage_statistics_ext_sdk.xml -html D:\\Projects\\z_eth_4\\z_eth.sdk\\webtalk\\usage_statistics_ext_sdk.html -wdm D:\\Projects\\z_eth_4\\z_eth.sdk\\webtalk\\sdk_webtalk.wdm -intro "<H3>SDK Usage Report</H3><BR>"
# webtalk_terminate
INFO: [Common 17-206] Exiting Webtalk at Fri Feb 03 11:41:42 2017...
