#-----------------------------------------------------------
# Webtalk v2016.1 (64-bit)
# SW Build 1538259 on Fri Apr  8 15:45:27 MDT 2016
# 
# Start of session at: Wed Feb 01 13:01:36 2017
# Process ID: 8852
# Current directory: D:/Projects/z_eth_4/z_eth.sdk/webtalk
# Command line: wbtcv.exe -mode batch -source sdk_webtalk.tcl
# Log file: D:/Projects/z_eth_4/z_eth.sdk/webtalk/webtalk.log
# Journal file: D:/Projects/z_eth_4/z_eth.sdk/webtalk\webtalk.jou
#-----------------------------------------------------------
source sdk_webtalk.tcl
# webtalk_init -webtalk_dir D:\\Projects\\z_eth_4\\z_eth.sdk\\webtalk
# webtalk_register_client -client project
# webtalk_add_data -client project -key date_generated -value "—р фев 1 13:01:36 2017" -context "software_version_and_target_device"
# webtalk_add_data -client project -key product_version -value "SDK v2016.1" -context "software_version_and_target_device"
# webtalk_add_data -client project -key build_version -value "2016.1" -context "software_version_and_target_device"
# webtalk_add_data -client project -key os_platform -value "amd64" -context "software_version_and_target_device"
# webtalk_add_data -client project -key registration_id -value "" -context "software_version_and_target_device"
# webtalk_add_data -client project -key tool_flow -value "SDK" -context "software_version_and_target_device"
# webtalk_add_data -client project -key beta -value "false" -context "software_version_and_target_device"
# webtalk_add_data -client project -key route_design -value "NA" -context "software_version_and_target_device"
# webtalk_add_data -client project -key target_family -value "NA" -context "software_version_and_target_device"
# webtalk_add_data -client project -key target_device -value "NA" -context "software_version_and_target_device"
# webtalk_add_data -client project -key target_package -value "NA" -context "software_version_and_target_device"
# webtalk_add_data -client project -key target_speed -value "NA" -context "software_version_and_target_device"
# webtalk_add_data -client project -key random_id -value "2d51a0isib3sp1gdtr9j21dlf1" -context "software_version_and_target_device"
# webtalk_add_data -client project -key project_id -value "2016.1_12" -context "software_version_and_target_device"
# webtalk_add_data -client project -key project_iteration -value "12" -context "software_version_and_target_device"
# webtalk_add_data -client project -key os_name -value "" -context "user_environment"
# webtalk_add_data -client project -key os_release -value "" -context "user_environment"
# webtalk_add_data -client project -key cpu_name -value "" -context "user_environment"
# webtalk_add_data -client project -key cpu_speed -value "" -context "user_environment"
# webtalk_add_data -client project -key total_processors -value "" -context "user_environment"
# webtalk_add_data -client project -key system_ram -value "" -context "user_environment"
# webtalk_register_client -client sdk
# webtalk_add_data -client sdk -key uid -value "1485866542830" -context "sdk\\\\hardware/1485866542830"
# webtalk_add_data -client sdk -key isZynq -value "true" -context "sdk\\\\hardware/1485866542830"
# webtalk_add_data -client sdk -key Processors -value "2" -context "sdk\\\\hardware/1485866542830"
# webtalk_add_data -client sdk -key VivadoVersion -value "2016.1" -context "sdk\\\\hardware/1485866542830"
# webtalk_add_data -client sdk -key Arch -value "zynq" -context "sdk\\\\hardware/1485866542830"
# webtalk_add_data -client sdk -key Device -value "7z010" -context "sdk\\\\hardware/1485866542830"
# webtalk_add_data -client sdk -key IsHandoff -value "true" -context "sdk\\\\hardware/1485866542830"
# webtalk_add_data -client sdk -key uid -value "1485866568305" -context "sdk\\\\bsp/1485866568305"
# webtalk_add_data -client sdk -key hwid -value "1485866542830" -context "sdk\\\\bsp/1485866568305"
# webtalk_add_data -client sdk -key os -value "standalone" -context "sdk\\\\bsp/1485866568305"
# webtalk_add_data -client sdk -key apptemplate -value "hello_world" -context "sdk\\\\bsp/1485866568305"
# webtalk_add_data -client sdk -key uid -value "1485866570056" -context "sdk\\\\application/1485866570056"
# webtalk_add_data -client sdk -key hwid -value "1485866542830" -context "sdk\\\\application/1485866570056"
# webtalk_add_data -client sdk -key bspid -value "1485866568305" -context "sdk\\\\application/1485866570056"
# webtalk_add_data -client sdk -key newbsp -value "true" -context "sdk\\\\application/1485866570056"
# webtalk_add_data -client sdk -key os -value "standalone" -context "sdk\\\\application/1485866570056"
# webtalk_add_data -client sdk -key apptemplate -value "hello_world" -context "sdk\\\\application/1485866570056"
# webtalk_add_data -client sdk -key uid -value "1485871672030" -context "sdk\\\\bsp/1485871672030"
# webtalk_add_data -client sdk -key hwid -value "1485866542830" -context "sdk\\\\bsp/1485871672030"
# webtalk_add_data -client sdk -key os -value "standalone" -context "sdk\\\\bsp/1485871672030"
# webtalk_add_data -client sdk -key apptemplate -value "hello_world" -context "sdk\\\\bsp/1485871672030"
# webtalk_add_data -client sdk -key uid -value "1485871673401" -context "sdk\\\\application/1485871673401"
# webtalk_add_data -client sdk -key hwid -value "1485866542830" -context "sdk\\\\application/1485871673401"
# webtalk_add_data -client sdk -key bspid -value "1485871672030" -context "sdk\\\\application/1485871673401"
# webtalk_add_data -client sdk -key newbsp -value "true" -context "sdk\\\\application/1485871673401"
# webtalk_add_data -client sdk -key os -value "standalone" -context "sdk\\\\application/1485871673401"
# webtalk_add_data -client sdk -key apptemplate -value "hello_world" -context "sdk\\\\application/1485871673401"
# webtalk_transmit -clientid 2765052944 -regid "" -xml D:\\Projects\\z_eth_4\\z_eth.sdk\\webtalk\\usage_statistics_ext_sdk.xml -html D:\\Projects\\z_eth_4\\z_eth.sdk\\webtalk\\usage_statistics_ext_sdk.html -wdm D:\\Projects\\z_eth_4\\z_eth.sdk\\webtalk\\sdk_webtalk.wdm -intro "<H3>SDK Usage Report</H3><BR>"
# webtalk_terminate
INFO: [Common 17-206] Exiting Webtalk at Wed Feb 01 13:02:31 2017...
