#-----------------------------------------------------------
# Webtalk v2016.1 (64-bit)
# SW Build 1538259 on Fri Apr  8 15:45:27 MDT 2016
# 
# Start of session at: Wed Feb 08 15:16:02 2017
# Process ID: 2016
# Current directory: C:/Projects/z_eth_4_2017_02_03_1/z_eth.sdk/webtalk
# Command line: wbtcv.exe -mode batch -source sdk_webtalk.tcl
# Log file: C:/Projects/z_eth_4_2017_02_03_1/z_eth.sdk/webtalk/webtalk.log
# Journal file: C:/Projects/z_eth_4_2017_02_03_1/z_eth.sdk/webtalk\webtalk.jou
#-----------------------------------------------------------
source sdk_webtalk.tcl
# webtalk_init -webtalk_dir C:\\Projects\\z_eth_4_2017_02_03_1\\z_eth.sdk\\webtalk
# webtalk_register_client -client project
# webtalk_add_data -client project -key date_generated -value "Wed Feb 8 15:16:00 2017" -context "software_version_and_target_device"
# webtalk_add_data -client project -key product_version -value "SDK v2016.1" -context "software_version_and_target_device"
# webtalk_add_data -client project -key build_version -value "2016.1" -context "software_version_and_target_device"
# webtalk_add_data -client project -key os_platform -value "amd64" -context "software_version_and_target_device"
# webtalk_add_data -client project -key registration_id -value "" -context "software_version_and_target_device"
# webtalk_add_data -client project -key tool_flow -value "SDK" -context "software_version_and_target_device"
# webtalk_add_data -client project -key beta -value "false" -context "software_version_and_target_device"
# webtalk_add_data -client project -key route_design -value "NA" -context "software_version_and_target_device"
# webtalk_add_data -client project -key target_family -value "NA" -context "software_version_and_target_device"
# webtalk_add_data -client project -key target_device -value "NA" -context "software_version_and_target_device"
# webtalk_add_data -client project -key target_package -value "NA" -context "software_version_and_target_device"
# webtalk_add_data -client project -key target_speed -value "NA" -context "software_version_and_target_device"
# webtalk_add_data -client project -key random_id -value "q4f38c9m78ckgta8udg2ei25hv" -context "software_version_and_target_device"
# webtalk_add_data -client project -key project_id -value "2016.1_15" -context "software_version_and_target_device"
# webtalk_add_data -client project -key project_iteration -value "15" -context "software_version_and_target_device"
# webtalk_add_data -client project -key os_name -value "" -context "user_environment"
# webtalk_add_data -client project -key os_release -value "" -context "user_environment"
# webtalk_add_data -client project -key cpu_name -value "" -context "user_environment"
# webtalk_add_data -client project -key cpu_speed -value "" -context "user_environment"
# webtalk_add_data -client project -key total_processors -value "" -context "user_environment"
# webtalk_add_data -client project -key system_ram -value "" -context "user_environment"
# webtalk_register_client -client sdk
# webtalk_add_data -client sdk -key uid -value "1486555954199" -context "sdk\\\\bsp/1486555954199"
# webtalk_add_data -client sdk -key hwid -value "1486117927339" -context "sdk\\\\bsp/1486555954199"
# webtalk_add_data -client sdk -key os -value "standalone" -context "sdk\\\\bsp/1486555954199"
# webtalk_add_data -client sdk -key apptemplate -value "zynq_fsbl" -context "sdk\\\\bsp/1486555954199"
# webtalk_add_data -client sdk -key uid -value "1486555962890" -context "sdk\\\\application/1486555962890"
# webtalk_add_data -client sdk -key hwid -value "1486117927339" -context "sdk\\\\application/1486555962890"
# webtalk_add_data -client sdk -key bspid -value "1486555954199" -context "sdk\\\\application/1486555962890"
# webtalk_add_data -client sdk -key newbsp -value "true" -context "sdk\\\\application/1486555962890"
# webtalk_add_data -client sdk -key os -value "standalone" -context "sdk\\\\application/1486555962890"
# webtalk_add_data -client sdk -key apptemplate -value "zynq_fsbl" -context "sdk\\\\application/1486555962890"
# webtalk_transmit -clientid 1988339908 -regid "" -xml C:\\Projects\\z_eth_4_2017_02_03_1\\z_eth.sdk\\webtalk\\usage_statistics_ext_sdk.xml -html C:\\Projects\\z_eth_4_2017_02_03_1\\z_eth.sdk\\webtalk\\usage_statistics_ext_sdk.html -wdm C:\\Projects\\z_eth_4_2017_02_03_1\\z_eth.sdk\\webtalk\\sdk_webtalk.wdm -intro "<H3>SDK Usage Report</H3><BR>"
# webtalk_terminate
INFO: [Common 17-206] Exiting Webtalk at Wed Feb 08 15:16:04 2017...
