Copyright 1986-2016 Xilinx, Inc. All Rights Reserved.
------------------------------------------------------------------------------------
| Tool Version : Vivado v.2016.1 (win64) Build 1538259 Fri Apr  8 15:45:27 MDT 2016
| Date         : Thu Jan 19 12:30:02 2017
| Host         : DESKTOP-A6VGJOU running 64-bit major release  (build 9200)
| Command      : upgrade_ip
| Device       : xc7z010clg400-1
------------------------------------------------------------------------------------

Upgrade Log for IP 'z_eth_AXIS_Counter_Direct_0_0'

1. Summary
----------

SUCCESS in the update of z_eth_AXIS_Counter_Direct_0_0 (MasterPlayer:user:AXIS_Counter_Direct:1.0 (Rev. 4)) to current project options.






Copyright 1986-2016 Xilinx, Inc. All Rights Reserved.
------------------------------------------------------------------------------------
| Tool Version : Vivado v.2016.1 (win64) Build 1538259 Fri Apr  8 15:45:27 MDT 2016
| Date         : Thu Jan 19 12:29:38 2017
| Host         : DESKTOP-A6VGJOU running 64-bit major release  (build 9200)
| Command      : upgrade_ip
| Device       : xc7z010clg400-1
------------------------------------------------------------------------------------

Upgrade Log for IP 'z_eth_AXIS_Counter_Direct_0_0'

1. Summary
----------

SUCCESS in the upgrade of z_eth_AXIS_Counter_Direct_0_0 (MasterPlayer:user:AXIS_Counter_Direct:1.0) from (Rev. 3) to (Rev. 4)






Copyright 1986-2016 Xilinx, Inc. All Rights Reserved.
------------------------------------------------------------------------------------
| Tool Version : Vivado v.2016.1 (win64) Build 1538259 Fri Apr  8 15:45:27 MDT 2016
| Date         : Thu Jan 19 11:12:00 2017
| Host         : DESKTOP-A6VGJOU running 64-bit major release  (build 9200)
| Command      : upgrade_ip
| Device       : xc7z010clg400-1
------------------------------------------------------------------------------------

Upgrade Log for IP 'z_eth_AXIS_Counter_Direct_0_0'

1. Summary
----------

SUCCESS in the upgrade of z_eth_AXIS_Counter_Direct_0_0 (MasterPlayer:user:AXIS_Counter_Direct:1.0) from (Rev. 2) to (Rev. 3)






Copyright 1986-2016 Xilinx, Inc. All Rights Reserved.
------------------------------------------------------------------------------------
| Tool Version : Vivado v.2016.1 (win64) Build 1538259 Fri Apr  8 15:45:27 MDT 2016
| Date         : Thu Jan 19 11:07:58 2017
| Host         : DESKTOP-A6VGJOU running 64-bit major release  (build 9200)
| Command      : upgrade_ip
| Device       : xc7z010clg400-1
------------------------------------------------------------------------------------

Upgrade Log for IP 'z_eth_AXIS_Counter_Direct_0_0'

1. Summary
----------

SUCCESS in the update of z_eth_AXIS_Counter_Direct_0_0 (MasterPlayer:user:AXIS_Counter_Direct:1.0 (Rev. 2)) to current project options.






Copyright 1986-2016 Xilinx, Inc. All Rights Reserved.
------------------------------------------------------------------------------------
| Tool Version : Vivado v.2016.1 (win64) Build 1538259 Fri Apr  8 15:45:27 MDT 2016
| Date         : Wed Jan 18 10:02:05 2017
| Host         : DESKTOP-A6VGJOU running 64-bit major release  (build 9200)
| Command      : upgrade_ip
| Device       : xc7z010clg400-1
------------------------------------------------------------------------------------

Upgrade Log for IP 'z_eth_AXI4_Stream_Checker_0_0'

1. Summary
----------

CAUTION (success, with warnings) in the upgrade of z_eth_AXI4_Stream_Checker_0_0 (MasterPlayer:user:AXIS_Checker:1.1) from (Rev. 2) to (Rev. 3)

After upgrade, an IP may have parameter and port differences compared to the original customization. Please review the parameters within the IP customization GUI to ensure proper functionality. Also, please review the updated IP instantiation template to ensure proper connectivity, and update your design if required.

2. Connection Warnings
----------------------

Detected external port differences while upgrading 'z_eth_AXI4_Stream_Checker_0_0'. These changes may impact your design.


-Upgraded port 's_axi_araddr' width 32 differs from original width 4







Copyright 1986-2016 Xilinx, Inc. All Rights Reserved.
------------------------------------------------------------------------------------
| Tool Version : Vivado v.2016.1 (win64) Build 1538259 Fri Apr  8 15:45:27 MDT 2016
| Date         : Wed Jan 18 09:34:14 2017
| Host         : DESKTOP-A6VGJOU running 64-bit major release  (build 9200)
| Command      : upgrade_ip
| Device       : xc7z010clg400-1
------------------------------------------------------------------------------------

Upgrade Log for IP 'z_eth_AXI4_Stream_Checker_0_0'

1. Summary
----------

CAUTION (success, with warnings) in the upgrade of z_eth_AXI4_Stream_Checker_0_0 (MasterPlayer:user:AXIS_Checker:1.1) from (Rev. 1) to (Rev. 2)

After upgrade, an IP may have parameter and port differences compared to the original customization. Please review the parameters within the IP customization GUI to ensure proper functionality. Also, please review the updated IP instantiation template to ensure proper connectivity, and update your design if required.

2. Connection Warnings
----------------------

Detected external port differences while upgrading 'z_eth_AXI4_Stream_Checker_0_0'. These changes may impact your design.


-Upgraded port 's_axi_awaddr' width 32 differs from original width 4







Copyright 1986-2016 Xilinx, Inc. All Rights Reserved.
------------------------------------------------------------------------------------
| Tool Version : Vivado v.2016.1 (win64) Build 1538259 Fri Apr  8 15:45:27 MDT 2016
| Date         : Wed Jan 18 09:08:40 2017
| Host         : DESKTOP-A6VGJOU running 64-bit major release  (build 9200)
| Command      : upgrade_ip
| Device       : xc7z010clg400-1
------------------------------------------------------------------------------------

Upgrade Log for IP 'z_eth_AXI4_Stream_Checker_0_0'

1. Summary
----------

SUCCESS in the upgrade of z_eth_AXI4_Stream_Checker_0_0 from MasterPlayer:user:AXI4_Stream_Checker:1.1 (Rev. 4) to MasterPlayer:user:AXIS_Checker:1.1 (Rev. 1)






Copyright 1986-2016 Xilinx, Inc. All Rights Reserved.
------------------------------------------------------------------------------------
| Tool Version : Vivado v.2016.1 (win64) Build 1538259 Fri Apr  8 15:45:27 MDT 2016
| Date         : Tue Jan 17 19:17:14 2017
| Host         : DESKTOP-A6VGJOU running 64-bit major release  (build 9200)
| Command      : upgrade_ip
| Device       : xc7z010clg400-1
------------------------------------------------------------------------------------

Upgrade Log for IP 'z_eth_AXI4_Stream_Checker_0_0'

1. Summary
----------

SUCCESS in the upgrade of z_eth_AXI4_Stream_Checker_0_0 (MasterPlayer:user:AXI4_Stream_Checker:1.1) from (Rev. 3) to (Rev. 4)






Copyright 1986-2016 Xilinx, Inc. All Rights Reserved.
------------------------------------------------------------------------------------
| Tool Version : Vivado v.2016.1 (win64) Build 1538259 Fri Apr  8 15:45:27 MDT 2016
| Date         : Tue Jan 17 17:19:12 2017
| Host         : DESKTOP-A6VGJOU running 64-bit major release  (build 9200)
| Command      : upgrade_ip
| Device       : xc7z010clg400-1
------------------------------------------------------------------------------------

Upgrade Log for IP 'z_eth_AXI4_Stream_Checker_0_0'

1. Summary
----------

CAUTION (success, with warnings) in the upgrade of z_eth_AXI4_Stream_Checker_0_0 (MasterPlayer:user:AXI4_Stream_Checker:1.1) from (Rev. 2) to (Rev. 3)

After upgrade, an IP may have parameter and port differences compared to the original customization. Please review the parameters within the IP customization GUI to ensure proper functionality. Also, please review the updated IP instantiation template to ensure proper connectivity, and update your design if required.

2. Connection Warnings
----------------------

Detected external port differences while upgrading 'z_eth_AXI4_Stream_Checker_0_0'. These changes may impact your design.


-Upgrade has removed port 's_axis_tstrb'

-Upgrade has added port 's_axis_tkeep'


