Copyright 1986-2016 Xilinx, Inc. All Rights Reserved.
------------------------------------------------------------------------------------
| Tool Version : Vivado v.2016.1 (win64) Build 1538259 Fri Apr  8 15:45:27 MDT 2016
| Date         : Wed Feb 08 15:02:23 2017
| Host         : vldmr-PC running 64-bit Service Pack 1  (build 7601)
| Command      : report_drc -file z_top_drc_routed.rpt -pb z_top_drc_routed.pb
| Design       : z_top
| Device       : xc7z010clg400-1
| Speed File   : -1
------------------------------------------------------------------------------------

Report DRC

Table of Contents
-----------------
1. REPORT SUMMARY
2. REPORT DETAILS

1. REPORT SUMMARY
-----------------
            Netlist: netlist
          Floorplan: design_1
      Design limits: <entire design considered>
           Ruledeck: default
             Max violations: <unlimited>
             Violations found: 1

2. REPORT DETAILS
-----------------
PLIO-7#1 Warning
Placement Constraints Check for IO constraints  
An IO Bus FIXED_IO_mio[53:0] with more than one IO standard is found. Components associated with this bus are: LVCMOS33 (FIXED_IO_mio[31], FIXED_IO_mio[30], FIXED_IO_mio[27], FIXED_IO_mio[26], FIXED_IO_mio[21], FIXED_IO_mio[20], FIXED_IO_mio[19], FIXED_IO_mio[18], FIXED_IO_mio[17], FIXED_IO_mio[16], FIXED_IO_mio[6], FIXED_IO_mio[5], FIXED_IO_mio[4], FIXED_IO_mio[3], FIXED_IO_mio[2] (the first 15 of 16 listed)); LVCMOS18 (FIXED_IO_mio[53], FIXED_IO_mio[52], FIXED_IO_mio[51], FIXED_IO_mio[50], FIXED_IO_mio[49], FIXED_IO_mio[48], FIXED_IO_mio[47], FIXED_IO_mio[46], FIXED_IO_mio[45], FIXED_IO_mio[44], FIXED_IO_mio[43], FIXED_IO_mio[42], FIXED_IO_mio[41], FIXED_IO_mio[40], FIXED_IO_mio[39] (the first 15 of 38 listed)); 
Related violations: <none>


